{"/Users/will/Developer/lmu-spring/compilers/Pivot/grammar/syntax-checker.js": {"path":"/Users/will/Developer/lmu-spring/compilers/Pivot/grammar/syntax-checker.js","statementMap":{"0":{"start":{"line":1,"column":11},"end":{"line":1,"column":24}},"1":{"start":{"line":2,"column":12},"end":{"line":2,"column":29}},"2":{"start":{"line":4,"column":16},"end":{"line":4,"column":65}},"3":{"start":{"line":6,"column":0},"end":{"line":6,"column":57}},"4":{"start":{"line":6,"column":25},"end":{"line":6,"column":56}}},"fnMap":{"0":{"name":"(anonymous_0)","decl":{"start":{"line":6,"column":17},"end":{"line":6,"column":18}},"loc":{"start":{"line":6,"column":25},"end":{"line":6,"column":56}},"line":6}},"branchMap":{},"s":{"0":2,"1":2,"2":2,"3":2,"4":9},"f":{"0":9},"b":{},"_coverageSchema":"43e27e138ebf9cfc5966b082cf9a028302ed4184","hash":"13ab447ee8d4384404af21089bf3f295fc2f59ea"}
}
